---------------------------------------
Begin PBS Prologue Tue May 25 20:27:05 EDT 2021
Job ID:     1923295.sched-torque.pace.gatech.edu
User ID:    sgan30
Job name:   bowtie2.align
Queue:      inferno
End PBS Prologue Tue May 25 20:27:05 EDT 2021
---------------------------------------
Autoloading intel-tbb/2019.8
Autoloading readline/8.0
Warning: Output file '/storage/home/hcoda1/2/sgan30/p-sbrown365-0/04.16sRNA/check2rna//012520_015.rrna.bam' was specified without -S.  This will not work in future Bowtie 2 versions.  Please use -S instead.
0 reads
0.00% overall alignment rate
Warning: Output file '/storage/home/hcoda1/2/sgan30/p-sbrown365-0/04.16sRNA/check2rna//020120_117.rrna.bam' was specified without -S.  This will not work in future Bowtie 2 versions.  Please use -S instead.
0 reads
0.00% overall alignment rate
---------------------------------------
Begin PBS Epilogue Tue May 25 20:27:49 EDT 2021
Job ID:     1923295.sched-torque.pace.gatech.edu
User ID:    sgan30
Job name:   bowtie2.align
Resources:  nodes=1:ppn=4,pmem=3b,walltime=06:00:00,neednodes=1:ppn=4
Rsrc Used:  cput=00:01:56,vmem=1198784kb,walltime=00:00:44,mem=24112kb,energy_used=0
Queue:      inferno
Nodes:     
atl1-1-02-010-11-l.pace.gatech.edu
End PBS Epilogue Tue May 25 20:27:49 EDT 2021
---------------------------------------
---------------------------------------
Begin PBS Prologue Tue May 25 20:36:05 EDT 2021
Job ID:     1923336.sched-torque.pace.gatech.edu
User ID:    sgan30
Job name:   bowtie2.align
Queue:      inferno
End PBS Prologue Tue May 25 20:36:05 EDT 2021
---------------------------------------
Autoloading intel-tbb/2019.8
Autoloading readline/8.0
2210552 reads; of these:
  2210552 (100.00%) were paired; of these:
    2199704 (99.51%) aligned concordantly 0 times
    10418 (0.47%) aligned concordantly exactly 1 time
    430 (0.02%) aligned concordantly >1 times
    ----
    2199704 pairs aligned concordantly 0 times; of these:
      200 (0.01%) aligned discordantly 1 time
    ----
    2199504 pairs aligned 0 times concordantly or discordantly; of these:
      4399008 mates make up the pairs; of these:
        4398194 (99.98%) aligned 0 times
        788 (0.02%) aligned exactly 1 time
        26 (0.00%) aligned >1 times
0.52% overall alignment rate
1093070 reads; of these:
  1093070 (100.00%) were paired; of these:
    1086063 (99.36%) aligned concordantly 0 times
    5520 (0.50%) aligned concordantly exactly 1 time
    1487 (0.14%) aligned concordantly >1 times
    ----
    1086063 pairs aligned concordantly 0 times; of these:
      155 (0.01%) aligned discordantly 1 time
    ----
    1085908 pairs aligned 0 times concordantly or discordantly; of these:
      2171816 mates make up the pairs; of these:
        2170834 (99.95%) aligned 0 times
        713 (0.03%) aligned exactly 1 time
        269 (0.01%) aligned >1 times
0.70% overall alignment rate
---------------------------------------
Begin PBS Epilogue Tue May 25 20:36:57 EDT 2021
Job ID:     1923336.sched-torque.pace.gatech.edu
User ID:    sgan30
Job name:   bowtie2.align
Resources:  nodes=1:ppn=4,pmem=3b,walltime=06:00:00,neednodes=1:ppn=4
Rsrc Used:  cput=00:03:15,vmem=1297188kb,walltime=00:00:52,mem=128768kb,energy_used=0
Queue:      inferno
Nodes:     
atl1-1-02-010-16-l.pace.gatech.edu
End PBS Epilogue Tue May 25 20:36:57 EDT 2021
---------------------------------------
---------------------------------------
Begin PBS Prologue Tue May 25 23:37:52 EDT 2021
Job ID:     1924377.sched-torque.pace.gatech.edu
User ID:    sgan30
Job name:   bowtie2.align
Queue:      inferno
End PBS Prologue Tue May 25 23:37:52 EDT 2021
---------------------------------------
tput: No value for $TERM and no -T specified
tput: No value for $TERM and no -T specified
tput: No value for $TERM and no -T specified
tput: No value for $TERM and no -T specified
tput: No value for $TERM and no -T specified
Autoloading intel-tbb/2019.8
Autoloading readline/8.0
2210552 reads; of these:
  2210552 (100.00%) were paired; of these:
    2199724 (99.51%) aligned concordantly 0 times
    10418 (0.47%) aligned concordantly exactly 1 time
    410 (0.02%) aligned concordantly >1 times
    ----
    2199724 pairs aligned concordantly 0 times; of these:
      200 (0.01%) aligned discordantly 1 time
    ----
    2199524 pairs aligned 0 times concordantly or discordantly; of these:
      4399048 mates make up the pairs; of these:
        4398243 (99.98%) aligned 0 times
        783 (0.02%) aligned exactly 1 time
        22 (0.00%) aligned >1 times
0.52% overall alignment rate
1093070 reads; of these:
  1093070 (100.00%) were paired; of these:
    1086086 (99.36%) aligned concordantly 0 times
    5518 (0.50%) aligned concordantly exactly 1 time
    1466 (0.13%) aligned concordantly >1 times
    ----
    1086086 pairs aligned concordantly 0 times; of these:
      155 (0.01%) aligned discordantly 1 time
    ----
    1085931 pairs aligned 0 times concordantly or discordantly; of these:
      2171862 mates make up the pairs; of these:
        2170880 (99.95%) aligned 0 times
        713 (0.03%) aligned exactly 1 time
        269 (0.01%) aligned >1 times
0.70% overall alignment rate
---------------------------------------
Begin PBS Epilogue Tue May 25 23:38:25 EDT 2021
Job ID:     1924377.sched-torque.pace.gatech.edu
User ID:    sgan30
Job name:   bowtie2.align
Resources:  nodes=1:ppn=4,walltime=06:00:00,neednodes=1:ppn=4
Rsrc Used:  cput=00:02:05,vmem=824908kb,walltime=00:00:36,mem=60564kb,energy_used=0
Queue:      inferno
Nodes:     
atl1-1-02-010-13-l.pace.gatech.edu
End PBS Epilogue Tue May 25 23:38:25 EDT 2021
---------------------------------------
